<?xml version="1.0" encoding="UTF-8"?>
<!-- Generated by org.testng.reporters.JUnitReportReporter -->
<testsuite skipped="0" hostname="ERSGHAIG" name="com.AutoIntegrate.TestAutoIntegrate.RunnerClass" tests="1" failures="0" timestamp="01 Jul 2019 10:50:24 GMT" time="0.026" errors="0">
  <testcase name="feature" time="0.026" classname="com.AutoIntegrate.TestAutoIntegrate.RunnerClass"/>
</testsuite> <!-- com.AutoIntegrate.TestAutoIntegrate.RunnerClass -->
